<?xml version="1.0" encoding="UTF-8"?>
<testsuite name="mockingtest.LoginServiceTest" tests="8" skipped="0" failures="0" errors="0" timestamp="2018-04-05T19:10:28" hostname="wifi-roaming-128-4-94-62.host.udel.edu" time="0.584">
  <properties/>
  <testcase name="ItShouldNotBePossibleToLogIntoRevokedAccount" classname="mockingtest.LoginServiceTest" time="0.567"/>
  <testcase name="itShouldSetAccountToLoggedInWhenPasswordMatches" classname="mockingtest.LoginServiceTest" time="0.009"/>
  <testcase name="itShouldNotSetAccountLoggedInIfPasswordDoesNotMatch" classname="mockingtest.LoginServiceTest" time="0.001"/>
  <testcase name="itShouldNowAllowConcurrentLogins" classname="mockingtest.LoginServiceTest" time="0.001"/>
  <testcase name="itShouldResetBackToInitialStateAfterSuccessfulLogin" classname="mockingtest.LoginServiceTest" time="0.002"/>
  <testcase name="itShouldThrowExceptionIfAccountNotFound" classname="mockingtest.LoginServiceTest" time="0.001"/>
  <testcase name="itShouldNotRevokeSecondAccountAfterTwoFailedAttemptsFirstAccount" classname="mockingtest.LoginServiceTest" time="0.002"/>
  <testcase name="itShouldSetAccountToRevokedAfterThreeFailedLoginAttempts" classname="mockingtest.LoginServiceTest" time="0.001"/>
  <system-out><![CDATA[]]></system-out>
  <system-err><![CDATA[]]></system-err>
</testsuite>
