<?xml version="1.0" encoding="UTF-8"?>
<testsuite name="mockingtest.LoginServiceTest" tests="1" skipped="0" failures="0" errors="0" timestamp="2018-04-05T18:47:28" hostname="wifi-roaming-128-4-94-62.host.udel.edu" time="0.589">
  <properties/>
  <testcase name="itShouldSetAccountToLoggedInWhenPasswordMatches" classname="mockingtest.LoginServiceTest" time="0.589"/>
  <system-out><![CDATA[]]></system-out>
  <system-err><![CDATA[]]></system-err>
</testsuite>
